<?xml version="1.0" encoding="UTF-8"?>
<!-- Generated by org.testng.reporters.JUnitReportReporter -->
<testsuite name="testcases.LoginTestCase" tests="1" time="0.002" ignored="4" failures="0" timestamp="24 Jun 2018 04:57:41 GMT" skipped="1" hostname="TMV-DEV-57" errors="0">
  <testcase name="login" time="0.002" classname="testcases.LoginTestCase">
    <skipped/>
  </testcase> <!-- login -->
  <testcase name="tearDownTestSuite" classname="pages.BaseClass">
    <skipped/>
  </testcase> <!-- tearDownTestSuite -->
  <testcase name="tearDownTestSuite" classname="pages.BaseClass">
    <skipped/>
  </testcase> <!-- tearDownTestSuite -->
  <testcase name="setupTestSuite" classname="pages.BaseClass">
    <skipped/>
  </testcase> <!-- setupTestSuite -->
  <testcase name="setupTestSuite" classname="pages.BaseClass">
    <skipped/>
  </testcase> <!-- setupTestSuite -->
</testsuite> <!-- testcases.LoginTestCase -->
